
**** Build of configuration Nios II for project SocNios ****

make mem_init_generate 
Info: Compiling main.c to obj/default/main.o
nios2-elf-gcc -xc -MP -MMD -c -I../SocNiosBSP//HAL/inc -I../SocNiosBSP/ -I../SocNiosBSP//drivers/inc  -DSYSTEM_BUS_WIDTH=32 -pipe -D__hal__ -DALT_NO_C_PLUS_PLUS -DALT_NO_CLEAN_EXIT -D'exit(a)=_exit(a)' -DALT_NO_EXIT -DALT_NO_INSTRUCTION_EMULATION -DSMALL_C_LIB -DALT_SINGLE_THREADED    -O0 -g -Wall   -mno-hw-div -mno-hw-mul -mno-hw-mulx  -o obj/default/main.o main.c
Info: Building ../SocNiosBSP/
make --no-print-directory -C ../SocNiosBSP/
[BSP build complete]
Info: Linking SocNios.elf
nios2-elf-g++  -T'../SocNiosBSP//linker.x' -msys-crt0='../SocNiosBSP//obj/HAL/src/crt0.o' -msys-lib=hal_bsp -L../SocNiosBSP/  -msmallc  -Wl,-Map=SocNios.map   -O0 -g -Wall   -mno-hw-div -mno-hw-mul -mno-hw-mulx  -o SocNios.elf obj/default/interrupt_handler_uart.o obj/default/main.o -lm 
nios2-elf-insert SocNios.elf --thread_model hal --cpu_name nios2_qsys_0 --qsys true --simulation_enabled false --id 2899645186 --sidp 0x10000 --timestamp 1435681225 --stderr_dev none --stdin_dev none --stdout_dev none --sopc_system_name soc_system --jdi C:/Users/diaaj/Documents/Quartus/soc_system_RT_CIV/software/SocNiosBSP/../../soc_system.jdi --sopcinfo C:/Users/diaaj/Documents/Quartus/soc_system_RT_CIV/software/SocNiosBSP/../../soc_system.sopcinfo
Info: (SocNios.elf) 17 KBytes program size (code + initialized data).
Info:               2056 Bytes free for stack + heap.
Post-processing to create mem_init/soc_system_cpu_memory.hex...
bash -c 'elf2hex SocNios.elf 0x00040000 0x00044fff --width=32 --record=4\
		--little-endian-mem --create-lanes=0  mem_init/soc_system_cpu_memory.hex'
Post-processing to create mem_init/soc_system_data_memory.hex...
bash -c 'elf2hex SocNios.elf 0x00000000 0x00000fff --width=64 --record=8\
		--little-endian-mem --create-lanes=0  mem_init/soc_system_data_memory.hex'
Post-processing to create mem_init/hdl_sim/soc_system_cpu_memory.dat...
bash -c 'elf2dat --infile=SocNios.elf --outfile=mem_init/hdl_sim/soc_system_cpu_memory.dat \
		--base=0x00040000 --end=0x00044fff --width=32 \
		--little-endian-mem --create-lanes=0 '
Post-processing to create mem_init/hdl_sim/soc_system_data_memory.dat...
bash -c 'elf2dat --infile=SocNios.elf --outfile=mem_init/hdl_sim/soc_system_data_memory.dat \
		--base=0x00000000 --end=0x00000fff --width=64 \
		--little-endian-mem --create-lanes=0 '
Post-processing to create mem_init/hdl_sim/soc_system_cpu_memory.sym...
nios2-elf-nm -n SocNios.elf > mem_init/hdl_sim/soc_system_cpu_memory.sym
Post-processing to create mem_init/hdl_sim/soc_system_data_memory.sym...
nios2-elf-nm -n SocNios.elf > mem_init/hdl_sim/soc_system_data_memory.sym
Post-processing to create mem_init/meminit.spd...
Post-processing to create mem_init/meminit.qip...

**** Build Finished ****
